C:\Program Files (x86)\Microsoft Visual Studio\2017\Community\Common7\IDE\VC\VCTargets\Microsoft.CppBuild.targets(391,5): warning MSB8028: El directorio intermedio (Debug\) contiene archivos compartidos de otro proyecto (2D Physics - class 4.vcxproj). Esto puede dar lugar a un comportamiento incorrecto de limpieza y recompilación.
  Application.cpp
  Main.cpp
  ModuleAudio.cpp
  ModuleInput.cpp
  ModulePhysics.cpp
c:\users\badli\documents\github\7up-pinball\7up-pinball\modulephysics.cpp(40): warning C4244: 'inicializando': conversión de 'float' a 'int'; posible pérdida de datos
c:\users\badli\documents\github\7up-pinball\7up-pinball\modulephysics.cpp(121): warning C4244: '=': conversión de 'float' a 'int'; posible pérdida de datos
c:\users\badli\documents\github\7up-pinball\7up-pinball\modulephysics.cpp(122): warning C4244: '=': conversión de 'float' a 'int'; posible pérdida de datos
c:\users\badli\documents\github\7up-pinball\7up-pinball\modulephysics.cpp(165): warning C4018: '<': no coinciden signed/unsigned
c:\users\badli\documents\github\7up-pinball\7up-pinball\modulephysics.cpp(377): warning C4244: 'inicializando': conversión de 'int' a 'float'; posible pérdida de datos
c:\users\badli\documents\github\7up-pinball\7up-pinball\modulephysics.cpp(378): warning C4244: 'inicializando': conversión de 'int' a 'float'; posible pérdida de datos
c:\users\badli\documents\github\7up-pinball\7up-pinball\modulephysics.cpp(384): warning C4244: 'return': conversión de 'float32' a 'int'; posible pérdida de datos
  ModulePlayer.cpp
  ModuleRender.cpp
  ModuleSceneIntro.cpp
  ModuleTextures.cpp
  ModuleWindow.cpp
  log.cpp
  Generando código...
  SDL Game.vcxproj -> C:\Users\badli\Documents\GitHub\7UP-PINBALL\7UP-PINBALL\Debug\o.exe
